<?xml version="1.0" encoding="UTF-8"?>
<!-- Generated by org.testng.reporters.JUnitXMLReporter -->
<testsuite hostname="DESKTOP-AFJ4RN8" failures="1" tests="1" name="CreateNewUserr" time="20.879" errors="0" timestamp="8 Feb 2024 04:14:40 GMT">
  <testcase classname="com.cucumber.TestRunner.CreateNewUserRunner" name="feature" time="15.876">
    <failure type="cucumber.runtime.CucumberException" message="org.openqa.selenium.ElementClickInterceptedException: element click intercepted: Element &amp;lt;mat-label _ngcontent-ng-c2679767403=&amp;quot;&amp;quot; class=&amp;quot;ng-tns-c3673195382-38&amp;quot;&amp;gt;...&amp;lt;/mat-label&amp;gt; is not clickable at point (434, 175). Other element would receive the click: &amp;lt;div _ngcontent-ng-c3379062967=&amp;quot;&amp;quot; class=&amp;quot;cssload-container ng-star-inserted&amp;quot;&amp;gt;...&amp;lt;/div&amp;gt;
  (Session info: chrome=121.0.6167.140)
Build info: version: &amp;apos;4.12.1&amp;apos;, revision: &amp;apos;8e34639b11&amp;apos;
System info: os.name: &amp;apos;Windows 10&amp;apos;, os.arch: &amp;apos;amd64&amp;apos;, os.version: &amp;apos;10.0&amp;apos;, java.version: &amp;apos;11.0.20&amp;apos;
Driver info: org.openqa.selenium.chrome.ChromeDriver
Command: [228fecbe037cc57c16152be60994dae5, clickElement {id=01E10385C3E903744C5D2DFDAA5EAA21_element_3034}]
Capabilities {acceptInsecureCerts: false, browserName: chrome, browserVersion: 121.0.6167.140, chrome: {chromedriverVersion: 121.0.6167.85 (3f98d690ad7e..., userDataDir: C:\Users\SAPPHI~1\AppData\L...}, fedcm:accounts: true, goog:chromeOptions: {debuggerAddress: localhost:54978}, networkConnectionEnabled: false, pageLoadStrategy: normal, platformName: windows, proxy: Proxy(), se:cdp: ws://localhost:54978/devtoo..., se:cdpVersion: 121.0.6167.140, setWindowRect: true, strictFileInteractability: false, timeouts: {implicit: 0, pageLoad: 300000, script: 30000}, unhandledPromptBehavior: dismiss and notify, webauthn:extension:credBlob: true, webauthn:extension:largeBlob: true, webauthn:extension:minPinLength: true, webauthn:extension:prf: true, webauthn:virtualAuthenticators: true}
Element: [[ChromeDriver: chrome on windows (228fecbe037cc57c16152be60994dae5)] -&amp;gt; xpath: //mat-label[text()=&amp;quot;Institution&amp;apos;s:&amp;quot;]]
Session ID: 228fecbe037cc57c16152be60994dae5">
      <![CDATA[cucumber.runtime.CucumberException: org.openqa.selenium.ElementClickInterceptedException: element click intercepted: Element <mat-label _ngcontent-ng-c2679767403="" class="ng-tns-c3673195382-38">...</mat-label> is not clickable at point (434, 175). Other element would receive the click: <div _ngcontent-ng-c3379062967="" class="cssload-container ng-star-inserted">...</div>
  (Session info: chrome=121.0.6167.140)
Build info: version: '4.12.1', revision: '8e34639b11'
System info: os.name: 'Windows 10', os.arch: 'amd64', os.version: '10.0', java.version: '11.0.20'
Driver info: org.openqa.selenium.chrome.ChromeDriver
Command: [228fecbe037cc57c16152be60994dae5, clickElement {id=01E10385C3E903744C5D2DFDAA5EAA21_element_3034}]
Capabilities {acceptInsecureCerts: false, browserName: chrome, browserVersion: 121.0.6167.140, chrome: {chromedriverVersion: 121.0.6167.85 (3f98d690ad7e..., userDataDir: C:\Users\SAPPHI~1\AppData\L...}, fedcm:accounts: true, goog:chromeOptions: {debuggerAddress: localhost:54978}, networkConnectionEnabled: false, pageLoadStrategy: normal, platformName: windows, proxy: Proxy(), se:cdp: ws://localhost:54978/devtoo..., se:cdpVersion: 121.0.6167.140, setWindowRect: true, strictFileInteractability: false, timeouts: {implicit: 0, pageLoad: 300000, script: 30000}, unhandledPromptBehavior: dismiss and notify, webauthn:extension:credBlob: true, webauthn:extension:largeBlob: true, webauthn:extension:minPinLength: true, webauthn:extension:prf: true, webauthn:virtualAuthenticators: true}
Element: [[ChromeDriver: chrome on windows (228fecbe037cc57c16152be60994dae5)] -> xpath: //mat-label[text()="Institution's:"]]
Session ID: 228fecbe037cc57c16152be60994dae5
	at cucumber.api.testng.TestNGCucumberRunner.runCucumber(TestNGCucumberRunner.java:69)
	at cucumber.api.testng.AbstractTestNGCucumberTests.feature(AbstractTestNGCucumberTests.java:21)
Caused by: org.openqa.selenium.ElementClickInterceptedException: element click intercepted: Element <mat-label _ngcontent-ng-c2679767403="" class="ng-tns-c3673195382-38">...</mat-label> is not clickable at point (434, 175). Other element would receive the click: <div _ngcontent-ng-c3379062967="" class="cssload-container ng-star-inserted">...</div>
  (Session info: chrome=121.0.6167.140)
Build info: version: '4.12.1', revision: '8e34639b11'
System info: os.name: 'Windows 10', os.arch: 'amd64', os.version: '10.0', java.version: '11.0.20'
Driver info: org.openqa.selenium.chrome.ChromeDriver
Command: [228fecbe037cc57c16152be60994dae5, clickElement {id=01E10385C3E903744C5D2DFDAA5EAA21_element_3034}]
Capabilities {acceptInsecureCerts: false, browserName: chrome, browserVersion: 121.0.6167.140, chrome: {chromedriverVersion: 121.0.6167.85 (3f98d690ad7e..., userDataDir: C:\Users\SAPPHI~1\AppData\L...}, fedcm:accounts: true, goog:chromeOptions: {debuggerAddress: localhost:54978}, networkConnectionEnabled: false, pageLoadStrategy: normal, platformName: windows, proxy: Proxy(), se:cdp: ws://localhost:54978/devtoo..., se:cdpVersion: 121.0.6167.140, setWindowRect: true, strictFileInteractability: false, timeouts: {implicit: 0, pageLoad: 300000, script: 30000}, unhandledPromptBehavior: dismiss and notify, webauthn:extension:credBlob: true, webauthn:extension:largeBlob: true, webauthn:extension:minPinLength: true, webauthn:extension:prf: true, webauthn:virtualAuthenticators: true}
Element: [[ChromeDriver: chrome on windows (228fecbe037cc57c16152be60994dae5)] -> xpath: //mat-label[text()="Institution's:"]]
Session ID: 228fecbe037cc57c16152be60994dae5
	at org.openqa.selenium.remote.codec.w3c.W3CHttpResponseCodec.createException(W3CHttpResponseCodec.java:200)
	at org.openqa.selenium.remote.codec.w3c.W3CHttpResponseCodec.decode(W3CHttpResponseCodec.java:133)
	at org.openqa.selenium.remote.codec.w3c.W3CHttpResponseCodec.decode(W3CHttpResponseCodec.java:52)
	at org.openqa.selenium.remote.HttpCommandExecutor.execute(HttpCommandExecutor.java:191)
	at org.openqa.selenium.remote.service.DriverCommandExecutor.invokeExecute(DriverCommandExecutor.java:196)
	at org.openqa.selenium.remote.service.DriverCommandExecutor.execute(DriverCommandExecutor.java:171)
	at org.openqa.selenium.remote.RemoteWebDriver.execute(RemoteWebDriver.java:602)
	at org.openqa.selenium.remote.RemoteWebElement.execute(RemoteWebElement.java:224)
	at org.openqa.selenium.remote.RemoteWebElement.click(RemoteWebElement.java:77)
	at org.openqa.selenium.support.pagefactory.internal.LocatingElementHandler.invoke(LocatingElementHandler.java:51)
	at com.sun.proxy.$Proxy30.click(Unknown Source)
	at com.cucumber.PageObjects.CreateUserPageObj.ResponsiveEDcreateUser(CreateUserPageObj.java:189)
	at com.cucumber.stepdefination.CreateNewUser.enter_data_to_all_fields(CreateNewUser.java:42)
	at âœ½.Then Enter data to all fields(src/test/resources/features/CreateNewUser.feature:9)
... Removed 36 stack frames]]>
    </failure>
  </testcase> <!-- feature -->
</testsuite> <!-- CreateNewUserr -->
