<!DOCTYPE html>

<html>
  <head>
  <meta charset='utf-8'>
  <title>TestNG reports</title>

    <link type="text/css" href="testng-reports.css" rel="stylesheet" />  
    <script type="text/javascript" src="jquery-1.7.1.min.js"></script>
    <script type="text/javascript" src="testng-reports.js"></script>
    <script type="text/javascript" src="https://www.google.com/jsapi"></script>
    <script type='text/javascript'>
      google.load('visualization', '1', {packages:['table']});
      google.setOnLoadCallback(drawTable);
      var suiteTableInitFunctions = new Array();
      var suiteTableData = new Array();
    </script>
    <!--
      <script type="text/javascript" src="jquery-ui/js/jquery-ui-1.8.16.custom.min.js"></script>
     -->
  </head>

  <body>
    <div class="top-banner-root">
      <span class="top-banner-title-font">Test results</span>
      <br/>
      <span class="top-banner-font-1">1 suite, 2 failed tests</span>
    </div> <!-- top-banner-root -->
    <div class="navigator-root">
      <div class="navigator-suite-header">
        <span>All suites</span>
        <a href="#" title="Collapse/expand all the suites" class="collapse-all-link">
          <img src="collapseall.gif" class="collapse-all-icon">
          </img> <!-- collapse-all-icon -->
        </a> <!-- collapse-all-link -->
      </div> <!-- navigator-suite-header -->
      <div class="suite">
        <div class="rounded-window">
          <div class="suite-header light-rounded-window-top">
            <a href="#" panel-name="suite-NspiraHrmsPortal" class="navigator-link">
              <span class="suite-name border-failed">NspiraHrmsPortal</span>
            </a> <!-- navigator-link -->
          </div> <!-- suite-header light-rounded-window-top -->
          <div class="navigator-suite-content">
            <div class="suite-section-title">
              <span>Info</span>
            </div> <!-- suite-section-title -->
            <div class="suite-section-content">
              <ul>
                <li>
                  <a href="#" panel-name="test-xml-NspiraHrmsPortal" class="navigator-link ">
                    <span>D:\Automation\AutomationResponsiveED33\testng.xml</span>
                  </a> <!-- navigator-link  -->
                </li>
                <li>
                  <a href="#" panel-name="testlist-NspiraHrmsPortal" class="navigator-link ">
                    <span class="test-stats">4 tests</span>
                  </a> <!-- navigator-link  -->
                </li>
                <li>
                  <a href="#" panel-name="group-NspiraHrmsPortal" class="navigator-link ">
                    <span>1 group</span>
                  </a> <!-- navigator-link  -->
                </li>
                <li>
                  <a href="#" panel-name="times-NspiraHrmsPortal" class="navigator-link ">
                    <span>Times</span>
                  </a> <!-- navigator-link  -->
                </li>
                <li>
                  <a href="#" panel-name="reporter-NspiraHrmsPortal" class="navigator-link ">
                    <span>Reporter output</span>
                  </a> <!-- navigator-link  -->
                </li>
                <li>
                  <a href="#" panel-name="ignored-methods-NspiraHrmsPortal" class="navigator-link ">
                    <span>Ignored methods</span>
                  </a> <!-- navigator-link  -->
                </li>
                <li>
                  <a href="#" panel-name="chronological-NspiraHrmsPortal" class="navigator-link ">
                    <span>Chronological view</span>
                  </a> <!-- navigator-link  -->
                </li>
              </ul>
            </div> <!-- suite-section-content -->
            <div class="result-section">
              <div class="suite-section-title">
                <span>Results</span>
              </div> <!-- suite-section-title -->
              <div class="suite-section-content">
                <ul>
                  <li>
                    <span class="method-stats">4 methods, 2 failed,   2 passed</span>
                  </li>
                  <li>
                    <span class="method-list-title failed">Failed methods</span>
                    <span class="show-or-hide-methods failed">
                      <a href="#" panel-name="suite-NspiraHrmsPortal" class="hide-methods failed suite-NspiraHrmsPortal"> (hide)</a> <!-- hide-methods failed suite-NspiraHrmsPortal -->
                      <a href="#" panel-name="suite-NspiraHrmsPortal" class="show-methods failed suite-NspiraHrmsPortal"> (show)</a> <!-- show-methods failed suite-NspiraHrmsPortal -->
                    </span>
                    <div class="method-list-content failed suite-NspiraHrmsPortal">
                      <span>
                        <img src="failed.png" width="3%"/>
                        <a href="#" panel-name="suite-NspiraHrmsPortal" title="com.cucumber.TestRunner.CreateNewUserRunner" class="method navigator-link" hash-for-method="feature(Administrator - Check the flow of Create New User)">feature(Administrator - Check the flow of Create New User)</a> <!-- method navigator-link -->
                      </span>
                      <br/>
                      <span>
                        <img src="failed.png" width="3%"/>
                        <a href="#" panel-name="suite-NspiraHrmsPortal" title="com.cucumber.TestRunner.UserManagementDropDwnRunner" class="method navigator-link" hash-for-method="feature(Administrator - Check the flow of all User Management Drop Down Handle)">feature(Administrator - Check the flow of all User Management Drop Down Handle)</a> <!-- method navigator-link -->
                      </span>
                      <br/>
                    </div> <!-- method-list-content failed suite-NspiraHrmsPortal -->
                  </li>
                  <li>
                    <span class="method-list-title passed">Passed methods</span>
                    <span class="show-or-hide-methods passed">
                      <a href="#" panel-name="suite-NspiraHrmsPortal" class="hide-methods passed suite-NspiraHrmsPortal"> (hide)</a> <!-- hide-methods passed suite-NspiraHrmsPortal -->
                      <a href="#" panel-name="suite-NspiraHrmsPortal" class="show-methods passed suite-NspiraHrmsPortal"> (show)</a> <!-- show-methods passed suite-NspiraHrmsPortal -->
                    </span>
                    <div class="method-list-content passed suite-NspiraHrmsPortal">
                      <span>
                        <img src="passed.png" width="3%"/>
                        <a href="#" panel-name="suite-NspiraHrmsPortal" title="com.cucumber.TestRunner.LoginRunner" class="method navigator-link" hash-for-method="feature(Login - Check the flow of login with valid credentials)">feature(Login - Check the flow of login with valid credentials)</a> <!-- method navigator-link -->
                      </span>
                      <br/>
                      <span>
                        <img src="passed.png" width="3%"/>
                        <a href="#" panel-name="suite-NspiraHrmsPortal" title="com.cucumber.TestRunner.sreachUserRunner" class="method navigator-link" hash-for-method="feature(Administrator - Search User)">feature(Administrator - Search User)</a> <!-- method navigator-link -->
                      </span>
                      <br/>
                    </div> <!-- method-list-content passed suite-NspiraHrmsPortal -->
                  </li>
                </ul>
              </div> <!-- suite-section-content -->
            </div> <!-- result-section -->
          </div> <!-- navigator-suite-content -->
        </div> <!-- rounded-window -->
      </div> <!-- suite -->
    </div> <!-- navigator-root -->
    <div class="wrapper">
      <div class="main-panel-root">
        <div panel-name="suite-NspiraHrmsPortal" class="panel NspiraHrmsPortal">
          <div class="suite-NspiraHrmsPortal-class-failed">
            <div class="main-panel-header rounded-window-top">
              <img src="failed.png"/>
              <span class="class-name">com.cucumber.TestRunner.UserManagementDropDwnRunner</span>
            </div> <!-- main-panel-header rounded-window-top -->
            <div class="main-panel-content rounded-window-bottom">
              <div class="method">
                <div class="method-content">
                  <a name="feature(Administrator - Check the flow of all User Management Drop Down Handle)">
                  </a> <!-- feature(Administrator - Check the flow of all User Management Drop Down Handle) -->
                  <span class="method-name">feature</span>
                  <span class="parameters">(Administrator - Check the flow of all User Management Drop Down Handle)</span>
                  <div class="stack-trace">cucumber.runtime.CucumberException: org.openqa.selenium.ElementClickInterceptedException: element click intercepted: Element &lt;div class=&quot;mat-mdc-form-field-flex ng-tns-c3673195382-30&quot;&gt;...&lt;/div&gt; is not clickable at point (448, 262). Other element would receive the click: &lt;div _ngcontent-ng-c3379062967=&quot;&quot; class=&quot;cssload-container ng-star-inserted&quot;&gt;...&lt;/div&gt;
  (Session info: chrome=121.0.6167.140)
Build info: version: &apos;4.12.1&apos;, revision: &apos;8e34639b11&apos;
System info: os.name: &apos;Windows 10&apos;, os.arch: &apos;amd64&apos;, os.version: &apos;10.0&apos;, java.version: &apos;11.0.20&apos;
Driver info: org.openqa.selenium.chrome.ChromeDriver
Command: [cfa1c87725e8cca8284b8c79b2062ae2, clickElement {id=144D3699411832DA1E585D466FA194F1_element_2897}]
Capabilities {acceptInsecureCerts: false, browserName: chrome, browserVersion: 121.0.6167.140, chrome: {chromedriverVersion: 121.0.6167.85 (3f98d690ad7e..., userDataDir: C:\Users\SAPPHI~1\AppData\L...}, fedcm:accounts: true, goog:chromeOptions: {debuggerAddress: localhost:55005}, networkConnectionEnabled: false, pageLoadStrategy: normal, platformName: windows, proxy: Proxy(), se:cdp: ws://localhost:55005/devtoo..., se:cdpVersion: 121.0.6167.140, setWindowRect: true, strictFileInteractability: false, timeouts: {implicit: 0, pageLoad: 300000, script: 30000}, unhandledPromptBehavior: dismiss and notify, webauthn:extension:credBlob: true, webauthn:extension:largeBlob: true, webauthn:extension:minPinLength: true, webauthn:extension:prf: true, webauthn:virtualAuthenticators: true}
Element: [[ChromeDriver: chrome on windows (cfa1c87725e8cca8284b8c79b2062ae2)] -&gt; xpath: //mat-label[text()=&apos;Institutions:&apos;]/../../../..]
Session ID: cfa1c87725e8cca8284b8c79b2062ae2
	at cucumber.api.testng.TestNGCucumberRunner.runCucumber(TestNGCucumberRunner.java:69)
	at cucumber.api.testng.AbstractTestNGCucumberTests.feature(AbstractTestNGCucumberTests.java:21)
Caused by: org.openqa.selenium.ElementClickInterceptedException: element click intercepted: Element &lt;div class=&quot;mat-mdc-form-field-flex ng-tns-c3673195382-30&quot;&gt;...&lt;/div&gt; is not clickable at point (448, 262). Other element would receive the click: &lt;div _ngcontent-ng-c3379062967=&quot;&quot; class=&quot;cssload-container ng-star-inserted&quot;&gt;...&lt;/div&gt;
  (Session info: chrome=121.0.6167.140)
Build info: version: &apos;4.12.1&apos;, revision: &apos;8e34639b11&apos;
System info: os.name: &apos;Windows 10&apos;, os.arch: &apos;amd64&apos;, os.version: &apos;10.0&apos;, java.version: &apos;11.0.20&apos;
Driver info: org.openqa.selenium.chrome.ChromeDriver
Command: [cfa1c87725e8cca8284b8c79b2062ae2, clickElement {id=144D3699411832DA1E585D466FA194F1_element_2897}]
Capabilities {acceptInsecureCerts: false, browserName: chrome, browserVersion: 121.0.6167.140, chrome: {chromedriverVersion: 121.0.6167.85 (3f98d690ad7e..., userDataDir: C:\Users\SAPPHI~1\AppData\L...}, fedcm:accounts: true, goog:chromeOptions: {debuggerAddress: localhost:55005}, networkConnectionEnabled: false, pageLoadStrategy: normal, platformName: windows, proxy: Proxy(), se:cdp: ws://localhost:55005/devtoo..., se:cdpVersion: 121.0.6167.140, setWindowRect: true, strictFileInteractability: false, timeouts: {implicit: 0, pageLoad: 300000, script: 30000}, unhandledPromptBehavior: dismiss and notify, webauthn:extension:credBlob: true, webauthn:extension:largeBlob: true, webauthn:extension:minPinLength: true, webauthn:extension:prf: true, webauthn:virtualAuthenticators: true}
Element: [[ChromeDriver: chrome on windows (cfa1c87725e8cca8284b8c79b2062ae2)] -&gt; xpath: //mat-label[text()=&apos;Institutions:&apos;]/../../../..]
Session ID: cfa1c87725e8cca8284b8c79b2062ae2
	at org.openqa.selenium.remote.codec.w3c.W3CHttpResponseCodec.createException(W3CHttpResponseCodec.java:200)
	at org.openqa.selenium.remote.codec.w3c.W3CHttpResponseCodec.decode(W3CHttpResponseCodec.java:133)
	at org.openqa.selenium.remote.codec.w3c.W3CHttpResponseCodec.decode(W3CHttpResponseCodec.java:52)
	at org.openqa.selenium.remote.HttpCommandExecutor.execute(HttpCommandExecutor.java:191)
	at org.openqa.selenium.remote.service.DriverCommandExecutor.invokeExecute(DriverCommandExecutor.java:196)
	at org.openqa.selenium.remote.service.DriverCommandExecutor.execute(DriverCommandExecutor.java:171)
	at org.openqa.selenium.remote.RemoteWebDriver.execute(RemoteWebDriver.java:602)
	at org.openqa.selenium.remote.RemoteWebElement.execute(RemoteWebElement.java:224)
	at org.openqa.selenium.remote.RemoteWebElement.click(RemoteWebElement.java:77)
	at com.cucumber.PageObjects.allUserManagementDropDwnHandlePageObj.SelectinstitutinsDropDown(allUserManagementDropDwnHandlePageObj.java:41)
	at com.cucumber.stepdefination.UserManagementDropDwnHandStepDef.select_institutinsDropDown(UserManagementDropDwnHandStepDef.java:42)
	at ✽.Then Select institutinsDropDown(src/test/resources/features/ManagementDropDwnHandle.feature:8)
... Removed 32 stack frames
</div> <!-- stack-trace -->
                  <em>
(Runs Cucumber Feature)                  </em>
                </div> <!-- method-content -->
              </div> <!-- method -->
            </div> <!-- main-panel-content rounded-window-bottom -->
          </div> <!-- suite-NspiraHrmsPortal-class-failed -->
          <div class="suite-NspiraHrmsPortal-class-failed">
            <div class="main-panel-header rounded-window-top">
              <img src="failed.png"/>
              <span class="class-name">com.cucumber.TestRunner.CreateNewUserRunner</span>
            </div> <!-- main-panel-header rounded-window-top -->
            <div class="main-panel-content rounded-window-bottom">
              <div class="method">
                <div class="method-content">
                  <a name="feature(Administrator - Check the flow of Create New User)">
                  </a> <!-- feature(Administrator - Check the flow of Create New User) -->
                  <span class="method-name">feature</span>
                  <span class="parameters">(Administrator - Check the flow of Create New User)</span>
                  <div class="stack-trace">cucumber.runtime.CucumberException: org.openqa.selenium.ElementClickInterceptedException: element click intercepted: Element &lt;mat-label _ngcontent-ng-c2679767403=&quot;&quot; class=&quot;ng-tns-c3673195382-38&quot;&gt;...&lt;/mat-label&gt; is not clickable at point (434, 175). Other element would receive the click: &lt;div _ngcontent-ng-c3379062967=&quot;&quot; class=&quot;cssload-container ng-star-inserted&quot;&gt;...&lt;/div&gt;
  (Session info: chrome=121.0.6167.140)
Build info: version: &apos;4.12.1&apos;, revision: &apos;8e34639b11&apos;
System info: os.name: &apos;Windows 10&apos;, os.arch: &apos;amd64&apos;, os.version: &apos;10.0&apos;, java.version: &apos;11.0.20&apos;
Driver info: org.openqa.selenium.chrome.ChromeDriver
Command: [228fecbe037cc57c16152be60994dae5, clickElement {id=01E10385C3E903744C5D2DFDAA5EAA21_element_3034}]
Capabilities {acceptInsecureCerts: false, browserName: chrome, browserVersion: 121.0.6167.140, chrome: {chromedriverVersion: 121.0.6167.85 (3f98d690ad7e..., userDataDir: C:\Users\SAPPHI~1\AppData\L...}, fedcm:accounts: true, goog:chromeOptions: {debuggerAddress: localhost:54978}, networkConnectionEnabled: false, pageLoadStrategy: normal, platformName: windows, proxy: Proxy(), se:cdp: ws://localhost:54978/devtoo..., se:cdpVersion: 121.0.6167.140, setWindowRect: true, strictFileInteractability: false, timeouts: {implicit: 0, pageLoad: 300000, script: 30000}, unhandledPromptBehavior: dismiss and notify, webauthn:extension:credBlob: true, webauthn:extension:largeBlob: true, webauthn:extension:minPinLength: true, webauthn:extension:prf: true, webauthn:virtualAuthenticators: true}
Element: [[ChromeDriver: chrome on windows (228fecbe037cc57c16152be60994dae5)] -&gt; xpath: //mat-label[text()=&quot;Institution&apos;s:&quot;]]
Session ID: 228fecbe037cc57c16152be60994dae5
	at cucumber.api.testng.TestNGCucumberRunner.runCucumber(TestNGCucumberRunner.java:69)
	at cucumber.api.testng.AbstractTestNGCucumberTests.feature(AbstractTestNGCucumberTests.java:21)
Caused by: org.openqa.selenium.ElementClickInterceptedException: element click intercepted: Element &lt;mat-label _ngcontent-ng-c2679767403=&quot;&quot; class=&quot;ng-tns-c3673195382-38&quot;&gt;...&lt;/mat-label&gt; is not clickable at point (434, 175). Other element would receive the click: &lt;div _ngcontent-ng-c3379062967=&quot;&quot; class=&quot;cssload-container ng-star-inserted&quot;&gt;...&lt;/div&gt;
  (Session info: chrome=121.0.6167.140)
Build info: version: &apos;4.12.1&apos;, revision: &apos;8e34639b11&apos;
System info: os.name: &apos;Windows 10&apos;, os.arch: &apos;amd64&apos;, os.version: &apos;10.0&apos;, java.version: &apos;11.0.20&apos;
Driver info: org.openqa.selenium.chrome.ChromeDriver
Command: [228fecbe037cc57c16152be60994dae5, clickElement {id=01E10385C3E903744C5D2DFDAA5EAA21_element_3034}]
Capabilities {acceptInsecureCerts: false, browserName: chrome, browserVersion: 121.0.6167.140, chrome: {chromedriverVersion: 121.0.6167.85 (3f98d690ad7e..., userDataDir: C:\Users\SAPPHI~1\AppData\L...}, fedcm:accounts: true, goog:chromeOptions: {debuggerAddress: localhost:54978}, networkConnectionEnabled: false, pageLoadStrategy: normal, platformName: windows, proxy: Proxy(), se:cdp: ws://localhost:54978/devtoo..., se:cdpVersion: 121.0.6167.140, setWindowRect: true, strictFileInteractability: false, timeouts: {implicit: 0, pageLoad: 300000, script: 30000}, unhandledPromptBehavior: dismiss and notify, webauthn:extension:credBlob: true, webauthn:extension:largeBlob: true, webauthn:extension:minPinLength: true, webauthn:extension:prf: true, webauthn:virtualAuthenticators: true}
Element: [[ChromeDriver: chrome on windows (228fecbe037cc57c16152be60994dae5)] -&gt; xpath: //mat-label[text()=&quot;Institution&apos;s:&quot;]]
Session ID: 228fecbe037cc57c16152be60994dae5
	at org.openqa.selenium.remote.codec.w3c.W3CHttpResponseCodec.createException(W3CHttpResponseCodec.java:200)
	at org.openqa.selenium.remote.codec.w3c.W3CHttpResponseCodec.decode(W3CHttpResponseCodec.java:133)
	at org.openqa.selenium.remote.codec.w3c.W3CHttpResponseCodec.decode(W3CHttpResponseCodec.java:52)
	at org.openqa.selenium.remote.HttpCommandExecutor.execute(HttpCommandExecutor.java:191)
	at org.openqa.selenium.remote.service.DriverCommandExecutor.invokeExecute(DriverCommandExecutor.java:196)
	at org.openqa.selenium.remote.service.DriverCommandExecutor.execute(DriverCommandExecutor.java:171)
	at org.openqa.selenium.remote.RemoteWebDriver.execute(RemoteWebDriver.java:602)
	at org.openqa.selenium.remote.RemoteWebElement.execute(RemoteWebElement.java:224)
	at org.openqa.selenium.remote.RemoteWebElement.click(RemoteWebElement.java:77)
	at org.openqa.selenium.support.pagefactory.internal.LocatingElementHandler.invoke(LocatingElementHandler.java:51)
	at com.sun.proxy.$Proxy30.click(Unknown Source)
	at com.cucumber.PageObjects.CreateUserPageObj.ResponsiveEDcreateUser(CreateUserPageObj.java:189)
	at com.cucumber.stepdefination.CreateNewUser.enter_data_to_all_fields(CreateNewUser.java:42)
	at ✽.Then Enter data to all fields(src/test/resources/features/CreateNewUser.feature:9)
... Removed 36 stack frames
</div> <!-- stack-trace -->
                  <em>
(Runs Cucumber Feature)                  </em>
                </div> <!-- method-content -->
              </div> <!-- method -->
            </div> <!-- main-panel-content rounded-window-bottom -->
          </div> <!-- suite-NspiraHrmsPortal-class-failed -->
          <div class="suite-NspiraHrmsPortal-class-passed">
            <div class="main-panel-header rounded-window-top">
              <img src="passed.png"/>
              <span class="class-name">com.cucumber.TestRunner.sreachUserRunner</span>
            </div> <!-- main-panel-header rounded-window-top -->
            <div class="main-panel-content rounded-window-bottom">
              <div class="method">
                <div class="method-content">
                  <a name="feature(Administrator - Search User)">
                  </a> <!-- feature(Administrator - Search User) -->
                  <span class="method-name">feature</span>
                  <span class="parameters">(Administrator - Search User)</span>
                  <em>
(Runs Cucumber Feature)                  </em>
                </div> <!-- method-content -->
              </div> <!-- method -->
            </div> <!-- main-panel-content rounded-window-bottom -->
          </div> <!-- suite-NspiraHrmsPortal-class-passed -->
          <div class="suite-NspiraHrmsPortal-class-passed">
            <div class="main-panel-header rounded-window-top">
              <img src="passed.png"/>
              <span class="class-name">com.cucumber.TestRunner.LoginRunner</span>
            </div> <!-- main-panel-header rounded-window-top -->
            <div class="main-panel-content rounded-window-bottom">
              <div class="method">
                <div class="method-content">
                  <a name="feature(Login - Check the flow of login with valid credentials)">
                  </a> <!-- feature(Login - Check the flow of login with valid credentials) -->
                  <span class="method-name">feature</span>
                  <span class="parameters">(Login - Check the flow of login with valid credentials)</span>
                  <em>
(Runs Cucumber Feature)                  </em>
                </div> <!-- method-content -->
              </div> <!-- method -->
            </div> <!-- main-panel-content rounded-window-bottom -->
          </div> <!-- suite-NspiraHrmsPortal-class-passed -->
        </div> <!-- panel NspiraHrmsPortal -->
        <div panel-name="test-xml-NspiraHrmsPortal" class="panel">
          <div class="main-panel-header rounded-window-top">
            <span class="header-content">D:\Automation\AutomationResponsiveED33\testng.xml</span>
          </div> <!-- main-panel-header rounded-window-top -->
          <div class="main-panel-content rounded-window-bottom">
            <pre>
&lt;?xml version=&quot;1.0&quot; encoding=&quot;UTF-8&quot;?&gt;
&lt;!DOCTYPE suite SYSTEM &quot;http://testng.org/testng-1.0.dtd&quot;&gt;
&lt;suite name=&quot;NspiraHrmsPortal&quot; guice-stage=&quot;DEVELOPMENT&quot; verbose=&quot;0&quot;&gt;
  &lt;listeners&gt;
    &lt;listener class-name=&quot;com.cucumber.utility.Listener&quot;/&gt;
  &lt;/listeners&gt;
  &lt;test name=&quot;LoginRunner&quot;&gt;
    &lt;parameter name=&quot;browser&quot; value=&quot;chrome&quot;/&gt;
    &lt;classes&gt;
      &lt;class name=&quot;com.cucumber.TestRunner.LoginRunner&quot;/&gt;
    &lt;/classes&gt;
  &lt;/test&gt; &lt;!-- LoginRunner --&gt;
  &lt;test name=&quot;CreateNewUserr&quot;&gt;
    &lt;parameter name=&quot;browser&quot; value=&quot;chrome&quot;/&gt;
    &lt;classes&gt;
      &lt;class name=&quot;com.cucumber.TestRunner.CreateNewUserRunner&quot;/&gt;
    &lt;/classes&gt;
  &lt;/test&gt; &lt;!-- CreateNewUserr --&gt;
  &lt;test name=&quot;UserManagementDropDwn&quot;&gt;
    &lt;parameter name=&quot;browser&quot; value=&quot;chrome&quot;/&gt;
    &lt;classes&gt;
      &lt;class name=&quot;com.cucumber.TestRunner.UserManagementDropDwnRunner&quot;/&gt;
    &lt;/classes&gt;
  &lt;/test&gt; &lt;!-- UserManagementDropDwn --&gt;
  &lt;test name=&quot;sreachUserRunner&quot;&gt;
    &lt;parameter name=&quot;browser&quot; value=&quot;chrome&quot;/&gt;
    &lt;classes&gt;
      &lt;class name=&quot;com.cucumber.TestRunner.sreachUserRunner&quot;/&gt;
    &lt;/classes&gt;
  &lt;/test&gt; &lt;!-- sreachUserRunner --&gt;
&lt;/suite&gt; &lt;!-- NspiraHrmsPortal --&gt;
            </pre>
          </div> <!-- main-panel-content rounded-window-bottom -->
        </div> <!-- panel -->
        <div panel-name="testlist-NspiraHrmsPortal" class="panel">
          <div class="main-panel-header rounded-window-top">
            <span class="header-content">Tests for NspiraHrmsPortal</span>
          </div> <!-- main-panel-header rounded-window-top -->
          <div class="main-panel-content rounded-window-bottom">
            <ul>
              <li>
                <span class="test-name">LoginRunner (1 class)</span>
              </li>
              <li>
                <span class="test-name">CreateNewUserr (1 class)</span>
              </li>
              <li>
                <span class="test-name">UserManagementDropDwn (1 class)</span>
              </li>
              <li>
                <span class="test-name">sreachUserRunner (1 class)</span>
              </li>
            </ul>
          </div> <!-- main-panel-content rounded-window-bottom -->
        </div> <!-- panel -->
        <div panel-name="group-NspiraHrmsPortal" class="panel">
          <div class="main-panel-header rounded-window-top">
            <span class="header-content">Groups for NspiraHrmsPortal</span>
          </div> <!-- main-panel-header rounded-window-top -->
          <div class="main-panel-content rounded-window-bottom">
            <div class="test-group">
              <span class="test-group-name">cucumber</span>
              <br/>
              <div class="method-in-group">
                <span class="method-in-group-name">feature</span>
                <br/>
              </div> <!-- method-in-group -->
            </div> <!-- test-group -->
          </div> <!-- main-panel-content rounded-window-bottom -->
        </div> <!-- panel -->
        <div panel-name="times-NspiraHrmsPortal" class="panel">
          <div class="main-panel-header rounded-window-top">
            <span class="header-content">Times for NspiraHrmsPortal</span>
          </div> <!-- main-panel-header rounded-window-top -->
          <div class="main-panel-content rounded-window-bottom">
            <div class="times-div">
              <script type="text/javascript">
suiteTableInitFunctions.push('tableData_NspiraHrmsPortal');
function tableData_NspiraHrmsPortal() {
var data = new google.visualization.DataTable();
data.addColumn('number', 'Number');
data.addColumn('string', 'Method');
data.addColumn('string', 'Class');
data.addColumn('number', 'Time (ms)');
data.addRows(4);
data.setCell(0, 0, 0)
data.setCell(0, 1, 'feature')
data.setCell(0, 2, 'com.cucumber.TestRunner.sreachUserRunner')
data.setCell(0, 3, 58101);
data.setCell(1, 0, 1)
data.setCell(1, 1, 'feature')
data.setCell(1, 2, 'com.cucumber.TestRunner.CreateNewUserRunner')
data.setCell(1, 3, 15876);
data.setCell(2, 0, 2)
data.setCell(2, 1, 'feature')
data.setCell(2, 2, 'com.cucumber.TestRunner.UserManagementDropDwnRunner')
data.setCell(2, 3, 15732);
data.setCell(3, 0, 3)
data.setCell(3, 1, 'feature')
data.setCell(3, 2, 'com.cucumber.TestRunner.LoginRunner')
data.setCell(3, 3, 11654);
window.suiteTableData['NspiraHrmsPortal']= { tableData: data, tableDiv: 'times-div-NspiraHrmsPortal'}
return data;
}
              </script>
              <span class="suite-total-time">Total running time: 1 minutes</span>
              <div id="times-div-NspiraHrmsPortal">
              </div> <!-- times-div-NspiraHrmsPortal -->
            </div> <!-- times-div -->
          </div> <!-- main-panel-content rounded-window-bottom -->
        </div> <!-- panel -->
        <div panel-name="reporter-NspiraHrmsPortal" class="panel">
          <div class="main-panel-header rounded-window-top">
            <span class="header-content">Reporter output for NspiraHrmsPortal</span>
          </div> <!-- main-panel-header rounded-window-top -->
          <div class="main-panel-content rounded-window-bottom">
            <div class="reporter-method-div">
              <span class="reporter-method-name">feature(Login - Check the flow of login with valid credentials)</span>
              <div class="reporter-method-output-div">
                <span class="reporter-method-output">Completed executing following method : AbstractTestNGCucumberTests.feature</span>
                <span class="reporter-method-output">Test Method resides in com.cucumber.TestRunner.LoginRunner</span>
                <span class="reporter-method-output">Test Method had the following parameters : nullLogin - Check the flow of login with valid credentials,</span>
                <span class="reporter-method-output">Test Status: Pass</span>
              </div> <!-- reporter-method-output-div -->
            </div> <!-- reporter-method-div -->
            <div class="reporter-method-div">
              <span class="reporter-method-name">feature(Administrator - Check the flow of Create New User)</span>
              <div class="reporter-method-output-div">
                <span class="reporter-method-output">Completed executing following method : AbstractTestNGCucumberTests.feature</span>
                <span class="reporter-method-output">Test Method resides in com.cucumber.TestRunner.CreateNewUserRunner</span>
                <span class="reporter-method-output">Test Method had the following parameters : nullAdministrator - Check the flow of Create New User,</span>
                <span class="reporter-method-output">Test Status: Failed</span>
              </div> <!-- reporter-method-output-div -->
            </div> <!-- reporter-method-div -->
            <div class="reporter-method-div">
              <span class="reporter-method-name">feature(Administrator - Check the flow of all User Management Drop Down Handle)</span>
              <div class="reporter-method-output-div">
                <span class="reporter-method-output">Completed executing following method : AbstractTestNGCucumberTests.feature</span>
                <span class="reporter-method-output">Test Method resides in com.cucumber.TestRunner.UserManagementDropDwnRunner</span>
                <span class="reporter-method-output">Test Method had the following parameters : nullAdministrator - Check the flow of all User Management Drop Down Handle,</span>
                <span class="reporter-method-output">Test Status: Failed</span>
              </div> <!-- reporter-method-output-div -->
            </div> <!-- reporter-method-div -->
            <div class="reporter-method-div">
              <span class="reporter-method-name">feature(Administrator - Search User)</span>
              <div class="reporter-method-output-div">
                <span class="reporter-method-output">Completed executing following method : AbstractTestNGCucumberTests.feature</span>
                <span class="reporter-method-output">Test Method resides in com.cucumber.TestRunner.sreachUserRunner</span>
                <span class="reporter-method-output">Test Method had the following parameters : nullAdministrator - Search User,</span>
                <span class="reporter-method-output">Test Status: Pass</span>
              </div> <!-- reporter-method-output-div -->
            </div> <!-- reporter-method-div -->
          </div> <!-- main-panel-content rounded-window-bottom -->
        </div> <!-- panel -->
        <div panel-name="ignored-methods-NspiraHrmsPortal" class="panel">
          <div class="main-panel-header rounded-window-top">
            <span class="header-content">0 ignored methods</span>
          </div> <!-- main-panel-header rounded-window-top -->
          <div class="main-panel-content rounded-window-bottom">
          </div> <!-- main-panel-content rounded-window-bottom -->
        </div> <!-- panel -->
        <div panel-name="chronological-NspiraHrmsPortal" class="panel">
          <div class="main-panel-header rounded-window-top">
            <span class="header-content">Methods in chronological order</span>
          </div> <!-- main-panel-header rounded-window-top -->
          <div class="main-panel-content rounded-window-bottom">
            <div class="chronological-class">
              <div class="chronological-class-name">com.cucumber.TestRunner.LoginRunner</div> <!-- chronological-class-name -->
              <div class="configuration-class before">
                <span class="method-name">setUpClass</span>
                <span class="method-start">0 ms</span>
              </div> <!-- configuration-class before -->
              <div class="configuration-class before">
                <span class="method-name">beforeclass(chrome)</span>
                <span class="method-start">151 ms</span>
              </div> <!-- configuration-class before -->
              <div class="test-method">
                <span class="method-name">feature(Login - Check the flow of login with valid credentials)</span>
                <span class="method-start">6577 ms</span>
              </div> <!-- test-method -->
              <div class="configuration-class after">
                <span class="method-name">testDownClass</span>
                <span class="method-start">18232 ms</span>
              </div> <!-- configuration-class after -->
              <div class="configuration-class after">
                <span class="method-name">tearDownClass</span>
                <span class="method-start">18423 ms</span>
              </div> <!-- configuration-class after -->
            </div> <!-- chronological-class -->
            <div class="chronological-class">
              <div class="chronological-class-name">com.cucumber.TestRunner.CreateNewUserRunner</div> <!-- chronological-class-name -->
              <div class="configuration-class before">
                <span class="method-name">setUpClass</span>
                <span class="method-start">18758 ms</span>
              </div> <!-- configuration-class before -->
              <div class="configuration-class before">
                <span class="method-name">beforeclass(chrome)</span>
                <span class="method-start">18781 ms</span>
              </div> <!-- configuration-class before -->
              <div class="test-method">
                <img src="failed.png">
                </img>
                <span class="method-name">feature(Administrator - Check the flow of Create New User)</span>
                <span class="method-start">23485 ms</span>
              </div> <!-- test-method -->
              <div class="configuration-class after">
                <span class="method-name">testDownClass</span>
                <span class="method-start">39383 ms</span>
              </div> <!-- configuration-class after -->
              <div class="configuration-class after">
                <span class="method-name">tearDownClass</span>
                <span class="method-start">39575 ms</span>
              </div> <!-- configuration-class after -->
            </div> <!-- chronological-class -->
            <div class="chronological-class">
              <div class="chronological-class-name">com.cucumber.TestRunner.UserManagementDropDwnRunner</div> <!-- chronological-class-name -->
              <div class="configuration-class before">
                <span class="method-name">setUpClass</span>
                <span class="method-start">39686 ms</span>
              </div> <!-- configuration-class before -->
              <div class="configuration-class before">
                <span class="method-name">beforeclass(chrome)</span>
                <span class="method-start">39701 ms</span>
              </div> <!-- configuration-class before -->
              <div class="test-method">
                <img src="failed.png">
                </img>
                <span class="method-name">feature(Administrator - Check the flow of all User Management Drop Down Handle)</span>
                <span class="method-start">45773 ms</span>
              </div> <!-- test-method -->
              <div class="configuration-class after">
                <span class="method-name">testDownClass</span>
                <span class="method-start">61507 ms</span>
              </div> <!-- configuration-class after -->
              <div class="configuration-class after">
                <span class="method-name">tearDownClass</span>
                <span class="method-start">61699 ms</span>
              </div> <!-- configuration-class after -->
            </div> <!-- chronological-class -->
            <div class="chronological-class">
              <div class="chronological-class-name">com.cucumber.TestRunner.sreachUserRunner</div> <!-- chronological-class-name -->
              <div class="configuration-class before">
                <span class="method-name">setUpClass</span>
                <span class="method-start">61797 ms</span>
              </div> <!-- configuration-class before -->
              <div class="configuration-class before">
                <span class="method-name">beforeclass(chrome)</span>
                <span class="method-start">61804 ms</span>
              </div> <!-- configuration-class before -->
              <div class="test-method">
                <span class="method-name">feature(Administrator - Search User)</span>
                <span class="method-start">70243 ms</span>
              </div> <!-- test-method -->
              <div class="configuration-class after">
                <span class="method-name">testDownClass</span>
                <span class="method-start">128344 ms</span>
              </div> <!-- configuration-class after -->
              <div class="configuration-class after">
                <span class="method-name">tearDownClass</span>
                <span class="method-start">128531 ms</span>
              </div> <!-- configuration-class after -->
          </div> <!-- main-panel-content rounded-window-bottom -->
        </div> <!-- panel -->
      </div> <!-- main-panel-root -->
    </div> <!-- wrapper -->
  </body>
</html>
